# JRE version: OpenJDK Runtime Environment (21.0.6) (build 21.0.6+-13368085-b895.109)
# Java VM: OpenJDK 64-Bit Server VM (21.0.6+-13368085-b895.109, mixed mode, tiered, compressed oops, compressed class ptrs, g1 gc, windows-amd64)
GC Precious Log:
 CardTable entry size: 512
 Card Set container configuration: InlinePtr #cards 5 size 8 Array Of Cards #cards 12 size 40 Howl #buckets 4 coarsen threshold 1843 Howl Bitmap #cards 512 size 80 coarsen threshold 460 Card regions per heap region 1 cards per card region 2048
 CPUs: 4 total, 4 available
 Memory: 8072M
 Large Page Support: Disabled
 NUMA Support: Disabled
 Compressed Oops: Enabled (32-bit)
 Heap Region Size: 1M
 Heap Min Capacity: 8M
 Heap Initial Capacity: 128M
 Heap Max Capacity: 2G
 Pre-touch: Disabled
 Parallel Workers: 4
 Concurrent Workers: 1
 Concurrent Refinement Workers: 4
 Periodic GC: Disabled
Heap:
 garbage-first heap   total 558080K, used 394641K [0x0000000080000000, 0x0000000100000000)
  region size 1024K, 91 young (93184K), 16 survivors (16384K)
 Metaspace       used 158548K, committed 160896K, reserved 1245184K
  class space    used 20857K, committed 22080K, reserved 1048576K
GC Heap History (20 events):
Event: 1051.349 GC heap before
{Heap before GC invocations=118 (full 0):
 garbage-first heap   total 542720K, used 491008K [0x0000000080000000, 0x0000000100000000)
  region size 1024K, 182 young (186368K), 22 survivors (22528K)
 Metaspace       used 158431K, committed 160832K, reserved 1245184K
  class space    used 20854K, committed 22080K, reserved 1048576K
}
Event: 1051.427 GC heap after
{Heap after GC invocations=119 (full 0):
 garbage-first heap   total 542720K, used 329728K [0x0000000080000000, 0x0000000100000000)
  region size 1024K, 23 young (23552K), 23 survivors (23552K)
 Metaspace       used 158431K, committed 160832K, reserved 1245184K
  class space    used 20854K, committed 22080K, reserved 1048576K
}
Event: 1052.986 GC heap before
{Heap before GC invocations=119 (full 0):
 garbage-first heap   total 542720K, used 491520K [0x0000000080000000, 0x0000000100000000)
  region size 1024K, 181 young (185344K), 23 survivors (23552K)
 Metaspace       used 158447K, committed 160832K, reserved 1245184K
  class space    used 20855K, committed 22080K, reserved 1048576K
}
Event: 1053.024 GC heap after
{Heap after GC invocations=120 (full 0):
 garbage-first heap   total 542720K, used 336896K [0x0000000080000000, 0x0000000100000000)
  region size 1024K, 7 young (7168K), 7 survivors (7168K)
 Metaspace       used 158447K, committed 160832K, reserved 1245184K
  class space    used 20855K, committed 22080K, reserved 1048576K
}
Event: 1056.311 GC heap before
{Heap before GC invocations=121 (full 0):
 garbage-first heap   total 558080K, used 504832K [0x0000000080000000, 0x0000000100000000)
  region size 1024K, 173 young (177152K), 7 survivors (7168K)
 Metaspace       used 158452K, committed 160832K, reserved 1245184K
  class space    used 20855K, committed 22080K, reserved 1048576K
}
Event: 1056.324 GC heap after
{Heap after GC invocations=122 (full 0):
 garbage-first heap   total 558080K, used 336896K [0x0000000080000000, 0x0000000100000000)
  region size 1024K, 9 young (9216K), 9 survivors (9216K)
 Metaspace       used 158452K, committed 160832K, reserved 1245184K
  class space    used 20855K, committed 22080K, reserved 1048576K
}
Event: 1058.045 GC heap before
{Heap before GC invocations=122 (full 0):
 garbage-first heap   total 558080K, used 519168K [0x0000000080000000, 0x0000000100000000)
  region size 1024K, 188 young (192512K), 9 survivors (9216K)
 Metaspace       used 158457K, committed 160832K, reserved 1245184K
  class space    used 20855K, committed 22080K, reserved 1048576K
}
Event: 1058.091 GC heap after
{Heap after GC invocations=123 (full 0):
 garbage-first heap   total 558080K, used 318382K [0x0000000080000000, 0x0000000100000000)
  region size 1024K, 12 young (12288K), 12 survivors (12288K)
 Metaspace       used 158457K, committed 160832K, reserved 1245184K
  class space    used 20855K, committed 22080K, reserved 1048576K
}
Event: 1059.787 GC heap before
{Heap before GC invocations=123 (full 0):
 garbage-first heap   total 558080K, used 517038K [0x0000000080000000, 0x0000000100000000)
  region size 1024K, 206 young (210944K), 12 survivors (12288K)
 Metaspace       used 158469K, committed 160832K, reserved 1245184K
  class space    used 20855K, committed 22080K, reserved 1048576K
}
Event: 1059.809 GC heap after
{Heap after GC invocations=124 (full 0):
 garbage-first heap   total 558080K, used 320512K [0x0000000080000000, 0x0000000100000000)
  region size 1024K, 14 young (14336K), 14 survivors (14336K)
 Metaspace       used 158469K, committed 160832K, reserved 1245184K
  class space    used 20855K, committed 22080K, reserved 1048576K
}
Event: 1062.254 GC heap before
{Heap before GC invocations=125 (full 0):
 garbage-first heap   total 558080K, used 515072K [0x0000000080000000, 0x0000000100000000)
  region size 1024K, 204 young (208896K), 14 survivors (14336K)
 Metaspace       used 158470K, committed 160832K, reserved 1245184K
  class space    used 20855K, committed 22080K, reserved 1048576K
}
Event: 1062.278 GC heap after
{Heap after GC invocations=126 (full 0):
 garbage-first heap   total 558080K, used 324581K [0x0000000080000000, 0x0000000100000000)
  region size 1024K, 12 young (12288K), 12 survivors (12288K)
 Metaspace       used 158470K, committed 160832K, reserved 1245184K
  class space    used 20855K, committed 22080K, reserved 1048576K
}
Event: 1063.595 GC heap before
{Heap before GC invocations=126 (full 0):
 garbage-first heap   total 558080K, used 517093K [0x0000000080000000, 0x0000000100000000)
  region size 1024K, 200 young (204800K), 12 survivors (12288K)
 Metaspace       used 158475K, committed 160832K, reserved 1245184K
  class space    used 20855K, committed 22080K, reserved 1048576K
}
Event: 1063.629 GC heap after
{Heap after GC invocations=127 (full 0):
 garbage-first heap   total 558080K, used 319431K [0x0000000080000000, 0x0000000100000000)
  region size 1024K, 13 young (13312K), 13 survivors (13312K)
 Metaspace       used 158475K, committed 160832K, reserved 1245184K
  class space    used 20855K, committed 22080K, reserved 1048576K
}
Event: 1064.880 GC heap before
{Heap before GC invocations=127 (full 0):
 garbage-first heap   total 558080K, used 515015K [0x0000000080000000, 0x0000000100000000)
  region size 1024K, 204 young (208896K), 13 survivors (13312K)
 Metaspace       used 158517K, committed 160896K, reserved 1245184K
  class space    used 20856K, committed 22080K, reserved 1048576K
}
Event: 1064.903 GC heap after
{Heap after GC invocations=128 (full 0):
 garbage-first heap   total 558080K, used 321991K [0x0000000080000000, 0x0000000100000000)
  region size 1024K, 15 young (15360K), 15 survivors (15360K)
 Metaspace       used 158517K, committed 160896K, reserved 1245184K
  class space    used 20856K, committed 22080K, reserved 1048576K
}
Event: 1067.648 GC heap before
{Heap before GC invocations=129 (full 0):
 garbage-first heap   total 558080K, used 513479K [0x0000000080000000, 0x0000000100000000)
  region size 1024K, 202 young (206848K), 15 survivors (15360K)
 Metaspace       used 158539K, committed 160896K, reserved 1245184K
  class space    used 20856K, committed 22080K, reserved 1048576K
}
Event: 1067.672 GC heap after
{Heap after GC invocations=130 (full 0):
 garbage-first heap   total 558080K, used 322647K [0x0000000080000000, 0x0000000100000000)
  region size 1024K, 13 young (13312K), 13 survivors (13312K)
 Metaspace       used 158539K, committed 160896K, reserved 1245184K
  class space    used 20856K, committed 22080K, reserved 1048576K
}
Event: 1068.844 GC heap before
{Heap before GC invocations=130 (full 0):
 garbage-first heap   total 558080K, used 516183K [0x0000000080000000, 0x0000000100000000)
  region size 1024K, 201 young (205824K), 13 survivors (13312K)
 Metaspace       used 158543K, committed 160896K, reserved 1245184K
  class space    used 20856K, committed 22080K, reserved 1048576K
}
Event: 1068.877 GC heap after
{Heap after GC invocations=131 (full 0):
 garbage-first heap   total 558080K, used 318865K [0x0000000080000000, 0x0000000100000000)
  region size 1024K, 16 young (16384K), 16 survivors (16384K)
 Metaspace       used 158543K, committed 160896K, reserved 1245184K
  class space    used 20856K, committed 22080K, reserved 1048576K
}

